<?xml version="1.0" encoding="UTF-8"?>
<!-- Generated by org.testng.reporters.JUnitReportReporter -->
<testsuite skipped="0" hostname="DESKTOP-4LMBHLU" name="com.htc.test.RegisterAutomation" tests="2" failures="0" timestamp="19 Nov 2017 15:56:30 GMT" time="4.409" errors="0">
  <testcase name="testSuccessLoginLogout" time="2.583" classname="com.htc.test.RegisterAutomation"/>
  <testcase name="testSuccessLoginLogout" time="1.826" classname="com.htc.test.RegisterAutomation"/>
</testsuite> <!-- com.htc.test.RegisterAutomation -->
