<?xml version="1.0" encoding="UTF-8"?>
<!-- Generated by org.testng.reporters.JUnitReportReporter -->
<testsuite skipped="0" hostname="DESKTOP-4LMBHLU" name="com.htc.test.LoginAutomation" tests="2" failures="0" timestamp="19 Nov 2017 15:56:30 GMT" time="2.230" errors="0">
  <testcase name="testSuccessLoginLogout" time="1.573" classname="com.htc.test.LoginAutomation"/>
  <testcase name="testSuccessLoginLogout" time="0.657" classname="com.htc.test.LoginAutomation"/>
</testsuite> <!-- com.htc.test.LoginAutomation -->
